<?xml version="1.0" encoding="UTF-8"?>
<!-- Generated by org.testng.reporters.JUnitReportReporter -->
<testsuite hostname="DESKTOP-3E0THLQ" failures="0" tests="1" name="ForgetPassword.ForgetPasswordLinkFunctionality" time="15.891" errors="0" timestamp="2025-01-13T15:49:39 IST" skipped="0">
  <testcase classname="ForgetPassword.ForgetPasswordLinkFunctionality" name="checkFunctionality" time="15.891"/>
</testsuite> <!-- ForgetPassword.ForgetPasswordLinkFunctionality -->
