<?xml version="1.0" encoding="UTF-8"?>
<!-- Generated by org.testng.reporters.JUnitReportReporter -->
<testsuite hostname="DESKTOP-3E0THLQ" failures="0" tests="1" name="ForgetPassword.WithBlankEmail" time="14.342" errors="0" timestamp="2025-01-13T16:12:40 IST" skipped="0">
  <testcase classname="ForgetPassword.WithBlankEmail" name="blankEmail" time="14.342">
    <system-out>
      <![CDATA[i am in login page
Procced Button is enabled 
Please enter valid email]]>
    </system-out>
  </testcase> <!-- blankEmail -->
  <system-out>
    <![CDATA[i am in login page
Procced Button is enabled 
Please enter valid email]]>
  </system-out>
</testsuite> <!-- ForgetPassword.WithBlankEmail -->
