<?xml version="1.0" encoding="UTF-8"?>
<!-- Generated by org.testng.reporters.JUnitReportReporter -->
<testsuite hostname="DESKTOP-3E0THLQ" failures="0" tests="1" name="logIn.LogInWithValidCredentials" time="23.111" errors="0" timestamp="2025-01-13T19:05:34 IST" skipped="0">
  <testcase classname="logIn.LogInWithValidCredentials" name="withValidCredentials" time="23.111">
    <system-out>
      <![CDATA[i am in login page
Password is valid by length
LogIn Button is enabled 
Succefuuly Logged in]]>
    </system-out>
  </testcase> <!-- withValidCredentials -->
  <system-out>
    <![CDATA[i am in login page
Password is valid by length
LogIn Button is enabled 
Succefuuly Logged in]]>
  </system-out>
</testsuite> <!-- logIn.LogInWithValidCredentials -->
