<?xml version="1.0" encoding="UTF-8"?>
<!-- Generated by org.testng.reporters.JUnitReportReporter -->
<testsuite hostname="DESKTOP-3E0THLQ" failures="0" tests="1" name="signUp_Page.VerifyPasswordConfirmPasswordMatching" time="86.219" errors="0" timestamp="2025-01-14T03:45:20 IST" skipped="0">
  <testcase classname="signUp_Page.VerifyPasswordConfirmPasswordMatching" name="verifyBothPassword" time="86.219">
    <system-out>
      <![CDATA[i am in login page
I am in Sign Up page
Procced Button is enabled 
Verification code send successfully
The password and confirmation password do not match]]>
    </system-out>
  </testcase> <!-- verifyBothPassword -->
  <system-out>
    <![CDATA[i am in login page
I am in Sign Up page
Procced Button is enabled 
Verification code send successfully
The password and confirmation password do not match]]>
  </system-out>
</testsuite> <!-- signUp_Page.VerifyPasswordConfirmPasswordMatching -->
