<?xml version="1.0" encoding="UTF-8"?>
<!-- Generated by org.testng.reporters.JUnitReportReporter -->
<testsuite hostname="DESKTOP-3E0THLQ" failures="0" tests="1" name="basic_Script.TC_01_NavigateTO_noKodr_Platform" time="51.097" errors="0" timestamp="2025-01-12T16:18:28 IST" skipped="0">
  <testcase classname="basic_Script.TC_01_NavigateTO_noKodr_Platform" name="navigateToNokodr" time="51.097"/>
</testsuite> <!-- basic_Script.TC_01_NavigateTO_noKodr_Platform -->
