<?xml version="1.0" encoding="UTF-8"?>
<!-- Generated by org.testng.reporters.JUnitReportReporter -->
<testsuite hostname="DESKTOP-3E0THLQ" failures="0" tests="1" name="signUp_Page.SignUpWithNewValidEmail" time="14.944" errors="0" timestamp="2025-01-13T17:43:31 IST" skipped="0">
  <testcase classname="signUp_Page.SignUpWithNewValidEmail" name="newValidEmail" time="14.944">
    <system-out>
      <![CDATA[i am in login page
I am in Sign Up page
Procced Button is enabled 
Verification code send successfully]]>
    </system-out>
  </testcase> <!-- newValidEmail -->
  <system-out>
    <![CDATA[i am in login page
I am in Sign Up page
Procced Button is enabled 
Verification code send successfully]]>
  </system-out>
</testsuite> <!-- signUp_Page.SignUpWithNewValidEmail -->
