<?xml version="1.0" encoding="UTF-8"?>
<!-- Generated by org.testng.reporters.JUnitReportReporter -->
<testsuite hostname="DESKTOP-3E0THLQ" failures="0" tests="1" name="signUp_Page.SignUpWithInvalidEmail" time="39.922" errors="0" timestamp="2025-01-14T02:57:49 IST" skipped="0">
  <testcase classname="signUp_Page.SignUpWithInvalidEmail" name="invalidEmail" time="39.922">
    <system-out>
      <![CDATA[i am in login page
I am in Sign Up page]]>
    </system-out>
  </testcase> <!-- invalidEmail -->
  <system-out>
    <![CDATA[i am in login page
I am in Sign Up page]]>
  </system-out>
</testsuite> <!-- signUp_Page.SignUpWithInvalidEmail -->
