<?xml version="1.0" encoding="UTF-8"?>
<!-- Generated by org.testng.reporters.JUnitReportReporter -->
<testsuite hostname="DESKTOP-3E0THLQ" failures="0" tests="1" name="signUp_Page.VerifySignUpFunctionality" time="13.596" errors="0" timestamp="2025-01-13T17:04:04 IST" skipped="0">
  <testcase classname="signUp_Page.VerifySignUpFunctionality" name="checkSignUp" time="13.596">
    <system-out>
      <![CDATA[i am in login page
I am in Sign Up page]]>
    </system-out>
  </testcase> <!-- checkSignUp -->
  <system-out>
    <![CDATA[i am in login page
I am in Sign Up page]]>
  </system-out>
</testsuite> <!-- signUp_Page.VerifySignUpFunctionality -->
