<?xml version="1.0" encoding="UTF-8"?>
<!-- Generated by org.testng.reporters.JUnitReportReporter -->
<testsuite hostname="DESKTOP-3E0THLQ" failures="0" tests="1" name="signUp_Page.SignUpWithExistingEmail" time="16.018" errors="0" timestamp="2025-01-13T18:06:01 IST" skipped="0">
  <testcase classname="signUp_Page.SignUpWithExistingEmail" name="existingEmail" time="16.018">
    <system-out>
      <![CDATA[i am in login page
I am in Sign Up page
Procced Button is enabled 
User Already Exists]]>
    </system-out>
  </testcase> <!-- existingEmail -->
  <system-out>
    <![CDATA[i am in login page
I am in Sign Up page
Procced Button is enabled 
User Already Exists]]>
  </system-out>
</testsuite> <!-- signUp_Page.SignUpWithExistingEmail -->
