<?xml version="1.0" encoding="UTF-8"?>
<!-- Generated by org.testng.reporters.JUnitReportReporter -->
<testsuite hostname="DESKTOP-3E0THLQ" failures="0" tests="1" name="signUp_Page.VerifyUserRegister" time="147.293" errors="0" timestamp="2025-01-14T02:53:37 IST" skipped="0">
  <testcase classname="signUp_Page.VerifyUserRegister" name="register" time="147.293">
    <system-out>
      <![CDATA[i am in login page
I am in Sign Up page
Procced Button is enabled 
Verification code send successfully]]>
    </system-out>
  </testcase> <!-- register -->
  <system-out>
    <![CDATA[i am in login page
I am in Sign Up page
Procced Button is enabled 
Verification code send successfully]]>
  </system-out>
</testsuite> <!-- signUp_Page.VerifyUserRegister -->
