<?xml version="1.0" encoding="UTF-8"?>
<!-- Generated by org.testng.reporters.JUnitReportReporter -->
<testsuite hostname="DESKTOP-3E0THLQ" failures="0" tests="1" name="logIn.LoginWithBlankFields" time="19.941" errors="0" timestamp="2025-01-13T19:16:46 IST" skipped="0">
  <testcase classname="logIn.LoginWithBlankFields" name="withBlankField" time="19.941">
    <system-out>
      <![CDATA[i am in login page
LogIn Button is enabled 
Please Enter Email]]>
    </system-out>
  </testcase> <!-- withBlankField -->
  <system-out>
    <![CDATA[i am in login page
LogIn Button is enabled 
Please Enter Email]]>
  </system-out>
</testsuite> <!-- logIn.LoginWithBlankFields -->
