<?xml version="1.0" encoding="UTF-8"?>
<!-- Generated by org.testng.reporters.JUnitReportReporter -->
<testsuite hostname="DESKTOP-3E0THLQ" failures="0" tests="1" name="signUp_Page.VerifySignUpByBlankFields" time="136.598" errors="0" timestamp="2025-01-14T04:01:30 IST" skipped="0">
  <testcase classname="signUp_Page.VerifySignUpByBlankFields" name="VerifySignUpByBlank" time="136.598">
    <system-out>
      <![CDATA[i am in login page
I am in Sign Up page
Procced Button is enabled 
Verification code send successfully
Verified that the Register button is enabled.]]>
    </system-out>
  </testcase> <!-- VerifySignUpByBlank -->
  <system-out>
    <![CDATA[i am in login page
I am in Sign Up page
Procced Button is enabled 
Verification code send successfully
Verified that the Register button is enabled.]]>
  </system-out>
</testsuite> <!-- signUp_Page.VerifySignUpByBlankFields -->
