<?xml version="1.0" encoding="UTF-8"?>
<!-- Generated by org.testng.reporters.JUnitReportReporter -->
<testsuite hostname="DESKTOP-3E0THLQ" failures="0" tests="1" name="logIn.LoginWithSpecialCharacters" time="11.185" errors="0" timestamp="2025-01-13T19:26:07 IST" skipped="0">
  <testcase classname="logIn.LoginWithSpecialCharacters" name="withSpecialCharacters" time="11.185">
    <system-out>
      <![CDATA[i am in login page
Password is valid by length
LogIn Button is enabled 
Invalid Email or Password]]>
    </system-out>
  </testcase> <!-- withSpecialCharacters -->
  <system-out>
    <![CDATA[i am in login page
Password is valid by length
LogIn Button is enabled 
Invalid Email or Password]]>
  </system-out>
</testsuite> <!-- logIn.LoginWithSpecialCharacters -->
